<?xml version="1.0" encoding="UTF-8"?>
<testng-results skipped="0" failed="0" total="2" passed="2">
  <reporter-output>
  </reporter-output>
  <suite name="Default suite" duration-ms="25176" started-at="2020-10-30T16:03:47Z" finished-at="2020-10-30T16:04:13Z">
    <groups>
    </groups>
    <test name="Default test" duration-ms="25176" started-at="2020-10-30T16:03:47Z" finished-at="2020-10-30T16:04:13Z">
      <class name="TestPages.ConfirmationPageTest">
        <test-method status="PASS" signature="start()[pri:0, instance:TestPages.ConfirmationPageTest@35bbe5e8]" name="start" is-config="true" duration-ms="20185" started-at="2020-10-30T21:33:47Z" finished-at="2020-10-30T21:34:08Z">
          <reporter-output>
          </reporter-output>
        </test-method> <!-- start -->
        <test-method status="PASS" signature="md()[pri:1, instance:TestPages.ConfirmationPageTest@35bbe5e8]" name="md" duration-ms="2274" started-at="2020-10-30T21:34:08Z" finished-at="2020-10-30T21:34:10Z">
          <reporter-output>
          </reporter-output>
        </test-method> <!-- md -->
        <test-method status="PASS" signature="md2()[pri:2, instance:TestPages.ConfirmationPageTest@35bbe5e8]" name="md2" duration-ms="39" started-at="2020-10-30T21:34:10Z" finished-at="2020-10-30T21:34:10Z">
          <reporter-output>
          </reporter-output>
        </test-method> <!-- md2 -->
        <test-method status="PASS" signature="teardown()[pri:0, instance:TestPages.ConfirmationPageTest@35bbe5e8]" name="teardown" is-config="true" duration-ms="2661" started-at="2020-10-30T21:34:10Z" finished-at="2020-10-30T21:34:13Z">
          <reporter-output>
          </reporter-output>
        </test-method> <!-- teardown -->
      </class> <!-- TestPages.ConfirmationPageTest -->
    </test> <!-- Default test -->
  </suite> <!-- Default suite -->
</testng-results>
